<?xml version="1.0" encoding="UTF-8"?>
<!-- Generated by org.testng.reporters.JUnitReportReporter -->
<testsuite hostname="kathia" failures="0" tests="3" name="runner.Testng_runner" time="0.127" errors="0" timestamp="2024-04-19T19:46:33 EDT" skipped="0">
  <testcase classname="runner.Testng_runner" name="runScenario" time="0.013"/>
  <testcase classname="runner.Testng_runner" name="runScenario" time="0.018"/>
  <testcase classname="runner.Testng_runner" name="runScenario" time="0.096"/>
</testsuite> <!-- runner.Testng_runner -->
